\BOOKMARK [2][-]{subsection.0.1}{Introduction}{}% 1
\BOOKMARK [2][-]{subsection.0.2}{Materials and Methods}{}% 2
\BOOKMARK [3][-]{subsubsection.0.2.1}{The added value of stable isotopes}{subsection.0.2}% 3
\BOOKMARK [3][-]{subsubsection.0.2.2}{Experiment 1A: Effects of foliar shielding on leaf isotopes in natural conditions}{subsection.0.2}% 4
\BOOKMARK [3][-]{subsubsection.0.2.3}{Experiment 1B: Effects of foliar shielding on leaf isotopes under high water stress}{subsection.0.2}% 5
\BOOKMARK [3][-]{subsubsection.0.2.4}{Experiment 2: Effects of foliar shielding on leaf water potential}{subsection.0.2}% 6
\BOOKMARK [3][-]{subsubsection.0.2.5}{Isotope analysis}{subsection.0.2}% 7
\BOOKMARK [3][-]{subsubsection.0.2.6}{Linking d-excess and transpiration}{subsection.0.2}% 8
\BOOKMARK [3][-]{subsubsection.0.2.7}{Spatial patterns}{subsection.0.2}% 9
\BOOKMARK [3][-]{subsubsection.0.2.8}{Competing effects of foliar uptake and foliar shielding}{subsection.0.2}% 10
\BOOKMARK [3][-]{subsubsection.0.2.9}{Statistical analysis}{subsection.0.2}% 11
\BOOKMARK [2][-]{subsection.0.3}{Results}{}% 12
\BOOKMARK [3][-]{subsubsection.0.3.1}{Water isotopes}{subsection.0.3}% 13
\BOOKMARK [3][-]{subsubsection.0.3.2}{Leaf water potential}{subsection.0.3}% 14
\BOOKMARK [3][-]{subsubsection.0.3.3}{Foliar shielding-induced decrease in transpiration}{subsection.0.3}% 15
\BOOKMARK [3][-]{subsubsection.0.3.4}{Spatial patterns}{subsection.0.3}% 16
\BOOKMARK [3][-]{subsubsection.0.3.5}{Temporal patterns}{subsection.0.3}% 17
\BOOKMARK [2][-]{subsection.0.4}{Discussion}{}% 18
\BOOKMARK [3][-]{subsubsection.0.4.1}{Leaf energy cycle}{subsection.0.4}% 19
\BOOKMARK [3][-]{subsubsection.0.4.2}{Implications for foliar uptake studies}{subsection.0.4}% 20
\BOOKMARK [3][-]{subsubsection.0.4.3}{Conclusion}{subsection.0.4}% 21
